d:\vs\ge\enginebase\project-windows\debug\vc141.pdb
d:\vs\ge\enginebase\project-windows\debug\vc141.idb
d:\vs\ge\enginebase\project-windows\debug\font.obj
d:\vs\ge\enginebase\project-windows\debug\paramvulkan.obj
d:\vs\ge\enginebase\project-windows\debug\graphicvulkan.obj
d:\vs\ge\enginebase\project-windows\debug\engineinterface.obj
d:\vs\ge\enginebase\project-windows\debug\enginebase.obj
d:\vs\ge\enginebase\project-windows\debug\vulkan_wrapper.obj
d:\vs\ge\binaries\output-windows\debug\enginebase.lib
d:\vs\ge\binaries\output-windows\debug\enginebase.exp
d:\vs\ge\binaries\output-windows\debug\enginebase.dll
d:\vs\ge\binaries\output-windows\debug\enginebase.ilk
d:\vs\ge\binaries\output-windows\debug\enginebase.pdb
d:\vs\ge\enginebase\project-windows\debug\enginebase.tlog\cl.command.1.tlog
d:\vs\ge\enginebase\project-windows\debug\enginebase.tlog\cl.read.1.tlog
d:\vs\ge\enginebase\project-windows\debug\enginebase.tlog\cl.write.1.tlog
d:\vs\ge\enginebase\project-windows\debug\enginebase.tlog\enginebase.write.1u.tlog
d:\vs\ge\enginebase\project-windows\debug\enginebase.tlog\link.command.1.tlog
d:\vs\ge\enginebase\project-windows\debug\enginebase.tlog\link.read.1.tlog
d:\vs\ge\enginebase\project-windows\debug\enginebase.tlog\link.write.1.tlog
