  Font.cpp
d:\vs\ge\enginebase\include\engineinterface.h(39): warning C4091: “extern __declspec(dllexport)”: 没有声明变量时忽略“Engine::StreamInput”的左侧
d:\vs\ge\enginebase\include\engineinterface.h(74): warning C4091: “extern __declspec(dllexport)”: 没有声明变量时忽略“Engine::CallStack”的左侧
d:\vs\ge\enginebase\include\engineinterface.h(81): warning C4091: “extern __declspec(dllexport)”: 没有声明变量时忽略“Engine::Registry”的左侧
d:\vs\ge\enginebase\include\engineinterface.h(117): warning C4091: “extern __declspec(dllexport)”: 没有声明变量时忽略“Engine::Font”的左侧
d:\vs\ge\generic\luawrapper\luastate.h(304): warning C4244: “=”: 从“lua_Integer”转换到“int”，可能丢失数据
d:\vs\ge\generic\luawrapper\luastate.h(312): warning C4244: “=”: 从“lua_Integer”转换到“uint32_t”，可能丢失数据
d:\vs\ge\generic\luawrapper\luastate.h(328): warning C4244: “=”: 从“lua_Number”转换到“float”，可能丢失数据
d:\vs\ge\enginebase\source\functional.h(288): warning C4267: “=”: 从“size_t”转换到“T”，可能丢失数据
          with
          [
              T=uint1
          ]
d:\vs\ge\enginebase\source\functional.h(289): warning C4267: “=”: 从“size_t”转换到“T”，可能丢失数据
          with
          [
              T=uint1
          ]
d:\vs\ge\enginebase\source\functional.h(303): warning C4267: “=”: 从“size_t”转换到“uint32_t”，可能丢失数据
d:\vs\ge\enginebase\source\functional.h(313): warning C4267: “参数”: 从“size_t”转换到“uint32_t”，可能丢失数据
d:\vs\ge\enginebase\source\functional.h(319): warning C4267: “=”: 从“size_t”转换到“uint32_t”，可能丢失数据
d:\vs\ge\enginebase\source\functional.h(330): warning C4267: “=”: 从“size_t”转换到“uint32_t”，可能丢失数据
d:\vs\ge\enginebase\source\resource\font.cpp(18): warning C4244: “初始化”: 从“const int”转换到“float”，可能丢失数据
d:\vs\ge\enginebase\source\resource\font.cpp(19): warning C4244: “初始化”: 从“const int”转换到“float”，可能丢失数据
d:\vs\ge\enginebase\source\resource\font.cpp(52): warning C4244: “=”: 从“int”转换到“float”，可能丢失数据
d:\vs\ge\enginebase\source\resource\font.cpp(53): warning C4244: “=”: 从“uint32_t”转换到“float”，可能丢失数据
d:\vs\ge\enginebase\source\resource\font.cpp(56): warning C4244: “=”: 从“int”转换到“float”，可能丢失数据
d:\vs\ge\enginebase\source\resource\font.cpp(57): warning C4244: “=”: 从“uint32_t”转换到“float”，可能丢失数据
d:\vs\ge\enginebase\source\resource\font.cpp(60): warning C4244: “=”: 从“int”转换到“float”，可能丢失数据
d:\vs\ge\enginebase\source\resource\font.cpp(61): warning C4244: “=”: 从“uint32_t”转换到“float”，可能丢失数据
d:\vs\ge\enginebase\source\resource\font.cpp(64): warning C4244: “=”: 从“int”转换到“float”，可能丢失数据
d:\vs\ge\enginebase\source\resource\font.cpp(65): warning C4244: “=”: 从“uint32_t”转换到“float”，可能丢失数据
d:\vs\ge\enginebase\source\resource\font.cpp(91): warning C4018: “>”: 有符号/无符号不匹配
d:\vs\ge\enginebase\source\resource\font.cpp(101): warning C4018: “>”: 有符号/无符号不匹配
d:\vs\ge\enginebase\source\resource\font.cpp(111): warning C4018: “>”: 有符号/无符号不匹配
d:\vs\ge\enginebase\source\resource\font.cpp(119): warning C4244: “初始化”: 从“float”转换到“uint32_t”，可能丢失数据
d:\vs\ge\enginebase\source\resource\font.cpp(121): warning C4018: “<”: 有符号/无符号不匹配
d:\vs\ge\enginebase\source\resource\font.cpp(163): warning C4244: “+=”: 从“float”转换到“int”，可能丢失数据
d:\vs\ge\enginebase\source\resource\font.cpp(203): warning C4244: “+=”: 从“float”转换到“int”，可能丢失数据
d:\vs\ge\enginebase\source\resource\font.cpp(227): warning C4244: “=”: 从“float”转换到“int”，可能丢失数据
d:\vs\ge\enginebase\source\resource\font.cpp(239): warning C4267: “=”: 从“size_t”转换到“_Ty”，可能丢失数据
          with
          [
              _Ty=uint16_t
          ]
d:\vs\ge\enginebase\source\functional.h(187): warning C4267: “参数”: 从“size_t”转换到“uint32_t”，可能丢失数据
  d:\vs\ge\enginebase\source\functional.h(181): note: 编译 类 模板 成员函数 "T &BufferWriter<T>::operator [](size_t)" 时
          with
          [
              T=uint1
          ]
  d:\vs\ge\enginebase\source\functional.h(287): note: 参见对正在编译的函数 模板 实例化“T &BufferWriter<T>::operator [](size_t)”的引用
          with
          [
              T=uint1
          ]
  d:\vs\ge\enginebase\source\functional.h(282): note: 参见对正在编译的 类 模板 实例化 "BufferWriter<uint1>" 的引用
d:\vs\ge\enginebase\source\functional.h(174): warning C4267: “参数”: 从“size_t”转换到“uint32_t”，可能丢失数据
  d:\vs\ge\enginebase\source\functional.h(169): note: 编译 类 模板 成员函数 "BufferWriter<uint1>::BufferWriter(CBuffer &,size_t,int)" 时
  d:\vs\ge\enginebase\source\functional.h(282): note: 参见对正在编译的函数 模板 实例化“BufferWriter<uint1>::BufferWriter(CBuffer &,size_t,int)”的引用
d:\vs\ge\generic\luawrapper\luautils.h(114): warning C4244: “return”: 从“lua_Integer”转换到“unsigned int”，可能丢失数据
  d:\vs\ge\generic\luawrapper\luawrapper.h(238): note: 参见对正在编译的函数 模板 实例化“unsigned int LuaGetValue<uint32_t>(lua_State *,int)”的引用
  d:\vs\ge\enginebase\source\functional.h(142): note: 参见对正在编译的函数 模板 实例化“C *LuaCallConstructor<CMBuffer::class_type,uint32_t,0>(lua_State *,int,std::integer_sequence<unsigned __int64,0>)”的引用
          with
          [
              C=CMBuffer::class_type
          ]
d:\vs\ge\generic\luawrapper\luautils.h(114): warning C4244: “return”: 从“lua_Integer”转换到“int”，可能丢失数据
  d:\vs\ge\generic\luawrapper\luawrapper.h(195): note: 参见对正在编译的函数 模板 实例化“int LuaGetValue<int>(lua_State *,int)”的引用
  d:\vs\ge\generic\luawrapper\luawrapper.h(208): note: 参见对正在编译的函数 模板 实例化“int LuaCallCFunc<LuacObj<CBuffer>,int,int,float,0,1,2,3>(lua_State *,void (__cdecl *)(LuacObj<CBuffer>,int,int,float),int,std::integer_sequence<unsigned __int64,0,1,2,3>)”的引用
  d:\vs\ge\enginebase\source\functional.h(214): note: 参见对正在编译的函数 模板 实例化“int LuaCallCFunc<void,LuacObj<CBuffer>,int,int,float>(lua_State *,R (__cdecl *)(LuacObj<CBuffer>,int,int,float))”的引用
          with
          [
              R=void
          ]
d:\vs\ge\generic\luawrapper\luautils.h(122): warning C4244: “return”: 从“lua_Number”转换到“float”，可能丢失数据
  d:\vs\ge\generic\luawrapper\luawrapper.h(195): note: 参见对正在编译的函数 模板 实例化“float LuaGetValue<float>(lua_State *,int)”的引用
  EngineBase.vcxproj -> D:\vs\GE\Binaries\output-windows\x64\Debug\EngineBase.dll
