d:\vs\ge\editor\project-windows\x64\debug\vc141.pdb
d:\vs\ge\editor\project-windows\x64\debug\vc141.idb
d:\vs\ge\editor\project-windows\x64\debug\global.obj
d:\vs\ge\editor\project-windows\x64\debug\vmwindow.obj
d:\vs\ge\editor\project-windows\x64\debug\testframe.obj
d:\vs\ge\editor\project-windows\x64\debug\uimanager.obj
d:\vs\ge\editor\project-windows\x64\debug\handlelessevent.obj
d:\vs\ge\editor\project-windows\x64\debug\handlelessctrl.obj
d:\vs\ge\editor\project-windows\x64\debug\floatablenotebook.obj
d:\vs\ge\editor\project-windows\x64\debug\editor.obj
d:\vs\ge\editor\project-windows\x64\debug\auibook2.obj
d:\vs\ge\binaries\output-windows\x64\debug\editor.ilk
d:\vs\ge\binaries\output-windows\x64\debug\editor.exe
d:\vs\ge\binaries\output-windows\x64\debug\editor.pdb
d:\vs\ge\editor\project-windows\x64\debug\editor.res
d:\vs\ge\editor\project-windows\x64\debug\editor.tlog\cl.command.1.tlog
d:\vs\ge\editor\project-windows\x64\debug\editor.tlog\cl.read.1.tlog
d:\vs\ge\editor\project-windows\x64\debug\editor.tlog\cl.write.1.tlog
d:\vs\ge\editor\project-windows\x64\debug\editor.tlog\link.command.1.tlog
d:\vs\ge\editor\project-windows\x64\debug\editor.tlog\link.read.1.tlog
d:\vs\ge\editor\project-windows\x64\debug\editor.tlog\link.write.1.tlog
d:\vs\ge\editor\project-windows\x64\debug\editor.tlog\rc.command.1.tlog
d:\vs\ge\editor\project-windows\x64\debug\editor.tlog\rc.read.1.tlog
d:\vs\ge\editor\project-windows\x64\debug\editor.tlog\rc.write.1.tlog
